<?xml version="1.0" encoding="UTF-8"?>
<!-- Generated by org.testng.reporters.JUnitXMLReporter -->
<testsuite ignored="0" hostname="BDC11-L-886K2B3" failures="0" tests="3" name="Default test" time="0.093" errors="0" timestamp="2023-12-11T19:51:11 IST">
  <testcase classname="TestNG.LoginTest" name="aAddTest" time="0.012"/>
  <testcase classname="TestNG.LoginTest" name="bloginTest" time="0.002"/>
  <testcase classname="TestNG.LoginTest" name="cLogoutTest" time="0.002"/>
</testsuite> <!-- Default test -->
