<?xml version="1.0" encoding="UTF-8"?>
<!-- Generated by org.testng.reporters.JUnitXMLReporter -->
<testsuite ignored="0" hostname="BDC11-L-886K2B3" failures="0" tests="3" name="Default test" time="0.219" errors="0" timestamp="2023-12-11T21:16:22 IST">
  <testcase classname="TestNG.LoginTest" name="aAddTest" time="0.021"/>
  <testcase classname="TestNG.LoginTest" name="bloginTest" time="0.006"/>
  <testcase classname="TestNG.LoginTest" name="cLogoutTest" time="0.005"/>
</testsuite> <!-- Default test -->
