<?xml version="1.0" encoding="UTF-8"?>
<testng-results ignored="0" total="3" passed="3" failed="0" skipped="0">
  <reporter-output>
    <line>
      <![CDATA[add]]>
    </line>
    <line>
      <![CDATA[Login]]>
    </line>
    <line>
      <![CDATA[Logout]]>
    </line>
  </reporter-output>
  <suite started-at="2023-12-11T19:51:10 IST" name="Default suite" finished-at="2023-12-11T19:51:10 IST" duration-ms="93">
    <groups>
    </groups>
    <test started-at="2023-12-11T19:51:10 IST" name="Default test" finished-at="2023-12-11T19:51:10 IST" duration-ms="93">
      <class name="TestNG.LoginTest">
        <test-method signature="aAddTest()[pri:0, instance:TestNG.LoginTest@4d5650ae]" started-at="2023-12-11T19:51:10 IST" name="aAddTest" description="Add" finished-at="2023-12-11T19:51:10 IST" duration-ms="12" status="PASS">
          <reporter-output>
            <line>
              <![CDATA[add]]>
            </line>
          </reporter-output>
        </test-method> <!-- aAddTest -->
        <test-method signature="bloginTest()[pri:0, instance:TestNG.LoginTest@4d5650ae]" started-at="2023-12-11T19:51:10 IST" name="bloginTest" description="login test" finished-at="2023-12-11T19:51:10 IST" duration-ms="2" status="PASS">
          <reporter-output>
            <line>
              <![CDATA[Login]]>
            </line>
          </reporter-output>
        </test-method> <!-- bloginTest -->
        <test-method signature="cLogoutTest()[pri:0, instance:TestNG.LoginTest@4d5650ae]" started-at="2023-12-11T19:51:10 IST" name="cLogoutTest" description="logout test" finished-at="2023-12-11T19:51:10 IST" duration-ms="2" status="PASS">
          <reporter-output>
            <line>
              <![CDATA[Logout]]>
            </line>
          </reporter-output>
        </test-method> <!-- cLogoutTest -->
      </class> <!-- TestNG.LoginTest -->
    </test> <!-- Default test -->
  </suite> <!-- Default suite -->
</testng-results>
